Traceback (most recent call last):
  File "C:\Users\RYZEN\AppData\Local\Programs\Python\Python311\Lib\site-packages\jupyter_cache\executors\utils.py", line 58, in single_nb_execution
    executenb(
  File "C:\Users\RYZEN\AppData\Local\Programs\Python\Python311\Lib\site-packages\nbclient\client.py", line 1314, in execute
    return NotebookClient(nb=nb, resources=resources, km=km, **kwargs).execute()
           ^^^^^^^^^^^^^^^^^^^^^^^^^^^^^^^^^^^^^^^^^^^^^^^^^^^^^^^^^^^^^^^^^^^^^
  File "C:\Users\RYZEN\AppData\Local\Programs\Python\Python311\Lib\site-packages\jupyter_core\utils\__init__.py", line 165, in wrapped
    return loop.run_until_complete(inner)
           ^^^^^^^^^^^^^^^^^^^^^^^^^^^^^^
  File "C:\Users\RYZEN\AppData\Local\Programs\Python\Python311\Lib\asyncio\base_events.py", line 654, in run_until_complete
    return future.result()
           ^^^^^^^^^^^^^^^
  File "C:\Users\RYZEN\AppData\Local\Programs\Python\Python311\Lib\site-packages\nbclient\client.py", line 709, in async_execute
    await self.async_execute_cell(
  File "C:\Users\RYZEN\AppData\Local\Programs\Python\Python311\Lib\site-packages\nbclient\client.py", line 1062, in async_execute_cell
    await self._check_raise_for_error(cell, cell_index, exec_reply)
  File "C:\Users\RYZEN\AppData\Local\Programs\Python\Python311\Lib\site-packages\nbclient\client.py", line 918, in _check_raise_for_error
    raise CellExecutionError.from_cell_and_msg(cell, exec_reply_content)
nbclient.exceptions.CellExecutionError: An error occurred while executing the following cell:
------------------
# Inisialisasi scaler untuk fitur (input) dan target (output)
scaler_features = MinMaxScaler()
scaler_target = MinMaxScaler()

# Normalisasi fitur (Harga-1, Harga-2, Harga-3)
df_features_normalized = pd.DataFrame(scaler_features.fit_transform(df[['Harga-3', 'Harga-2', 'Harga-1']]),
                                      columns=['Harga-3', 'Harga-2', 'Harga-1'],
                                      index=df.index)

# Normalisasi target (Harga)
df_target_normalized = pd.DataFrame(scaler_target.fit_transform(df[['Harga']]),
                                    columns=['Harga'],
                                    index=df.index)

# Gabungkan kembali dataframe yang sudah dinormalisasi
df_normalized = pd.concat([df_features_normalized, df_target_normalized], axis=1)
df_normalized.head()
------------------


[1;31m---------------------------------------------------------------------------[0m
[1;31mKeyError[0m                                  Traceback (most recent call last)
Cell [1;32mIn[10], line 6[0m
[0;32m      3[0m scaler_target [38;5;241m=[39m MinMaxScaler()
[0;32m      5[0m [38;5;66;03m# Normalisasi fitur (Harga-1, Harga-2, Harga-3)[39;00m
[1;32m----> 6[0m df_features_normalized [38;5;241m=[39m pd[38;5;241m.[39mDataFrame(scaler_features[38;5;241m.[39mfit_transform([43mdf[49m[43m[[49m[43m[[49m[38;5;124;43m'[39;49m[38;5;124;43mHarga-3[39;49m[38;5;124;43m'[39;49m[43m,[49m[43m [49m[38;5;124;43m'[39;49m[38;5;124;43mHarga-2[39;49m[38;5;124;43m'[39;49m[43m,[49m[43m [49m[38;5;124;43m'[39;49m[38;5;124;43mHarga-1[39;49m[38;5;124;43m'[39;49m[43m][49m[43m][49m),
[0;32m      7[0m                                       columns[38;5;241m=[39m[[38;5;124m'[39m[38;5;124mHarga-3[39m[38;5;124m'[39m, [38;5;124m'[39m[38;5;124mHarga-2[39m[38;5;124m'[39m, [38;5;124m'[39m[38;5;124mHarga-1[39m[38;5;124m'[39m],
[0;32m      8[0m                                       index[38;5;241m=[39mdf[38;5;241m.[39mindex)
[0;32m     10[0m [38;5;66;03m# Normalisasi target (Harga)[39;00m
[0;32m     11[0m df_target_normalized [38;5;241m=[39m pd[38;5;241m.[39mDataFrame(scaler_target[38;5;241m.[39mfit_transform(df[[[38;5;124m'[39m[38;5;124mHarga[39m[38;5;124m'[39m]]),
[0;32m     12[0m                                     columns[38;5;241m=[39m[[38;5;124m'[39m[38;5;124mHarga[39m[38;5;124m'[39m],
[0;32m     13[0m                                     index[38;5;241m=[39mdf[38;5;241m.[39mindex)

File [1;32m~\AppData\Local\Programs\Python\Python311\Lib\site-packages\pandas\core\frame.py:4108[0m, in [0;36mDataFrame.__getitem__[1;34m(self, key)[0m
[0;32m   4106[0m     [38;5;28;01mif[39;00m is_iterator(key):
[0;32m   4107[0m         key [38;5;241m=[39m [38;5;28mlist[39m(key)
[1;32m-> 4108[0m     indexer [38;5;241m=[39m [38;5;28;43mself[39;49m[38;5;241;43m.[39;49m[43mcolumns[49m[38;5;241;43m.[39;49m[43m_get_indexer_strict[49m[43m([49m[43mkey[49m[43m,[49m[43m [49m[38;5;124;43m"[39;49m[38;5;124;43mcolumns[39;49m[38;5;124;43m"[39;49m[43m)[49m[[38;5;241m1[39m]
[0;32m   4110[0m [38;5;66;03m# take() does not accept boolean indexers[39;00m
[0;32m   4111[0m [38;5;28;01mif[39;00m [38;5;28mgetattr[39m(indexer, [38;5;124m"[39m[38;5;124mdtype[39m[38;5;124m"[39m, [38;5;28;01mNone[39;00m) [38;5;241m==[39m [38;5;28mbool[39m:

File [1;32m~\AppData\Local\Programs\Python\Python311\Lib\site-packages\pandas\core\indexes\base.py:6200[0m, in [0;36mIndex._get_indexer_strict[1;34m(self, key, axis_name)[0m
[0;32m   6197[0m [38;5;28;01melse[39;00m:
[0;32m   6198[0m     keyarr, indexer, new_indexer [38;5;241m=[39m [38;5;28mself[39m[38;5;241m.[39m_reindex_non_unique(keyarr)
[1;32m-> 6200[0m [38;5;28;43mself[39;49m[38;5;241;43m.[39;49m[43m_raise_if_missing[49m[43m([49m[43mkeyarr[49m[43m,[49m[43m [49m[43mindexer[49m[43m,[49m[43m [49m[43maxis_name[49m[43m)[49m
[0;32m   6202[0m keyarr [38;5;241m=[39m [38;5;28mself[39m[38;5;241m.[39mtake(indexer)
[0;32m   6203[0m [38;5;28;01mif[39;00m [38;5;28misinstance[39m(key, Index):
[0;32m   6204[0m     [38;5;66;03m# GH 42790 - Preserve name from an Index[39;00m

File [1;32m~\AppData\Local\Programs\Python\Python311\Lib\site-packages\pandas\core\indexes\base.py:6249[0m, in [0;36mIndex._raise_if_missing[1;34m(self, key, indexer, axis_name)[0m
[0;32m   6247[0m [38;5;28;01mif[39;00m nmissing:
[0;32m   6248[0m     [38;5;28;01mif[39;00m nmissing [38;5;241m==[39m [38;5;28mlen[39m(indexer):
[1;32m-> 6249[0m         [38;5;28;01mraise[39;00m [38;5;167;01mKeyError[39;00m([38;5;124mf[39m[38;5;124m"[39m[38;5;124mNone of [[39m[38;5;132;01m{[39;00mkey[38;5;132;01m}[39;00m[38;5;124m] are in the [[39m[38;5;132;01m{[39;00maxis_name[38;5;132;01m}[39;00m[38;5;124m][39m[38;5;124m"[39m)
[0;32m   6251[0m     not_found [38;5;241m=[39m [38;5;28mlist[39m(ensure_index(key)[missing_mask[38;5;241m.[39mnonzero()[[38;5;241m0[39m]][38;5;241m.[39munique())
[0;32m   6252[0m     [38;5;28;01mraise[39;00m [38;5;167;01mKeyError[39;00m([38;5;124mf[39m[38;5;124m"[39m[38;5;132;01m{[39;00mnot_found[38;5;132;01m}[39;00m[38;5;124m not in index[39m[38;5;124m"[39m)

[1;31mKeyError[0m: "None of [Index(['Harga-3', 'Harga-2', 'Harga-1'], dtype='object')] are in the [columns]"

